<?xml version="1.0" encoding="UTF-8"?><testsuite errors="1" failures="0" name="inicio de sesion" skipped="0" tests="1" time="0.23" timestamp="2021-10-19 07:12:45"><testcase name="Search for automation course"><error message="Arity mismatch: Step Definition 'co.com.utest.entrevista.reto.stepdefinitions.uTestStepDefintions.LeidyQuiereRegistrarceEnUtest() in file:/C:/Users/tuf/IdeaProjects/Reto-main/build/classes/java/test/' with pattern [^Leidy Quiere Registrarce En (.*)$] is declared with 0 parameters. However, the gherkin step has 1 arguments [Utest]. &#10;Step text: Leidy Quiere Registrarce En Utest" type="cucumber.runtime.CucumberException">Arity mismatch: Step Definition 'co.com.utest.entrevista.reto.stepdefinitions.uTestStepDefintions.LeidyQuiereRegistrarceEnUtest() in file:/C:/Users/tuf/IdeaProjects/Reto-main/build/classes/java/test/' with pattern [^Leidy Quiere Registrarce En (.*)$] is declared with 0 parameters. However, the gherkin step has 1 arguments [Utest]. 
Step text: Leidy Quiere Registrarce En Utest</error><system-err>Arity mismatch: Step Definition 'co.com.utest.entrevista.reto.stepdefinitions.uTestStepDefintions.LeidyQuiereRegistrarceEnUtest() in file:/C:/Users/tuf/IdeaProjects/Reto-main/build/classes/java/test/' with pattern [^Leidy Quiere Registrarce En (.*)$] is declared with 0 parameters. However, the gherkin step has 1 arguments [Utest]. 
Step text: Leidy Quiere Registrarce En Utest&#13;
cucumber.runner.Runner.runPickle(Runner.java:80)&#13;
</system-err></testcase></testsuite>